<?xml version="1.0" encoding="UTF-8"?>
<!-- Generated by org.testng.reporters.JUnitReportReporter -->
<testsuite hostname="CSSLLAPTOP-408" failures="0" tests="1" name="apiDemo.UploadFile" time="7.031" errors="0" timestamp="2022-03-04T16:11:35 IST" skipped="0">
  <testcase classname="apiDemo.UploadFile" name="uploadFile" time="7.031"/>
  <system-out/>
</testsuite> <!-- apiDemo.UploadFile -->
