<?xml version="1.0" encoding="UTF-8"?>
<!-- Generated by org.testng.reporters.JUnitReportReporter -->
<testsuite hostname="CSSLLAPTOP-408" failures="0" tests="5" name="apiDemo.Demo_1" time="0.661" errors="0" timestamp="2022-03-09T18:24:50 IST" skipped="4">
  <testcase classname="apiDemo.Demo_1" name="sumValidation" time="0.661"/>
  <system-out/>
  <testcase classname="apiDemo.Demo_1" name="addPlaceAPI">
    <skipped/>
  </testcase> <!-- addPlaceAPI -->
  <system-out/>
  <testcase classname="apiDemo.Demo_1" name="updatePlaceAPI">
    <skipped/>
  </testcase> <!-- updatePlaceAPI -->
  <system-out/>
  <testcase classname="apiDemo.Demo_1" name="complexJsonParse">
    <skipped/>
  </testcase> <!-- complexJsonParse -->
  <system-out/>
  <testcase classname="apiDemo.Demo_1" name="getlocation">
    <skipped/>
  </testcase> <!-- getlocation -->
  <system-out/>
</testsuite> <!-- apiDemo.Demo_1 -->
